2011-01-19 03:41:35,826 - root - INFO - nextPageLinks: []
2011-01-19 03:41:35,827 - root - INFO - _get_article_title::candidate_title<title>: <title>Repurposing the Hash Sign for the New Web</title>
2011-01-19 03:41:35,844 - root - INFO - _get_article_title::possible titles: {}
2011-01-19 03:41:35,907 - root - INFO - replacing text node with a p tag with the same content.
2011-01-19 03:41:35,908 - root - INFO - replacing text node with a p tag with the same content.
2011-01-19 03:41:35,909 - root - INFO - replacing text node with a p tag with the same content.
2011-01-19 03:41:35,911 - root - INFO - replacing text node with a p tag with the same content.
2011-01-19 03:41:35,924 - root - INFO - replacing text node with a p tag with the same content.
2011-01-19 03:41:35,925 - root - INFO - replacing text node with a p tag with the same content.
2011-01-19 03:41:35,934 - root - INFO - replacing text node with a p tag with the same content.
2011-01-19 03:41:35,938 - root - INFO - replacing text node with a p tag with the same content.
2011-01-19 03:41:35,938 - root - INFO - replacing text node with a p tag with the same content.
2011-01-19 03:41:35,938 - root - INFO - replacing text node with a p tag with the same content.
2011-01-19 03:41:35,940 - root - INFO - replacing text node with a p tag with the same content.
2011-01-19 03:41:35,941 - root - INFO - replacing text node with a p tag with the same content.
2011-01-19 03:41:35,942 - root - INFO - replacing text node with a p tag with the same content.
2011-01-19 03:41:35,944 - root - INFO - replacing text node with a p tag with the same content.
2011-01-19 03:41:35,946 - root - INFO - replacing text node with a p tag with the same content.
2011-01-19 03:41:35,946 - root - INFO - replacing text node with a p tag with the same content.
2011-01-19 03:41:35,947 - root - INFO - Altering div to p
2011-01-19 03:41:35,947 - root - INFO - replacing text node with a p tag with the same content.
2011-01-19 03:41:35,948 - root - INFO - Altering div to p
2011-01-19 03:41:35,950 - root - INFO - replacing text node with a p tag with the same content.
2011-01-19 03:41:35,951 - root - INFO - replacing text node with a p tag with the same content.
2011-01-19 03:41:35,952 - root - INFO - replacing text node with a p tag with the same content.
2011-01-19 03:41:35,953 - root - INFO - replacing text node with a p tag with the same content.
2011-01-19 03:41:35,953 - root - INFO - replacing text node with a p tag with the same content.
2011-01-19 03:41:35,955 - root - INFO - replacing text node with a p tag with the same content.
2011-01-19 03:41:35,955 - root - INFO - replacing text node with a p tag with the same content.
2011-01-19 03:41:35,956 - root - INFO - replacing text node with a p tag with the same content.
2011-01-19 03:41:35,959 - root - INFO - replacing text node with a p tag with the same content.
2011-01-19 03:41:36,093 - root - INFO - Candidate: div (head:) with score 5.69948186528
2011-01-19 03:41:36,171 - root - INFO - Candidate: body (:readabilityBody) with score 40.5885691762
2011-01-19 03:41:36,173 - root - INFO - Candidate: div (:) with score 22.0
2011-01-19 03:41:36,175 - root - INFO - Candidate: div (:) with score 17.3464696223
2011-01-19 03:41:36,177 - root - INFO - Candidate: div (toc:) with score 2.4347826087
2011-01-19 03:41:36,181 - root - INFO - Candidate: div (div1:) with score 30.5035891773
2011-01-19 03:41:36,241 - root - INFO - Candidate: div (body:) with score 65.3939420896
2011-01-19 03:41:36,277 - root - INFO - Candidate: div (div1:) with score 89.6873667205
2011-01-19 03:41:36,289 - root - INFO - Candidate: div (div2:) with score 44.5840554593
2011-01-19 03:41:36,289 - root - INFO - Candidate: div (exampleInner:) with score 8.0
2011-01-19 03:41:36,289 - root - INFO - Candidate: div (exampleOuter:) with score 6.0
2011-01-19 03:41:36,290 - root - INFO - Candidate: tr (:) with score 2.0
2011-01-19 03:41:36,290 - root - INFO - Candidate: tbody (:) with score 1.0
2011-01-19 03:41:36,294 - root - INFO - Candidate: div (div3:) with score 34.0
2011-01-19 03:41:36,295 - root - INFO - Candidate: div (div3:) with score 13.0
2011-01-19 03:41:36,298 - root - INFO - Candidate: div (div3:) with score 8.60619872379
2011-01-19 03:41:36,301 - root - INFO - Candidate: div (div2:) with score 33.2144716294
2011-01-19 03:41:36,308 - root - INFO - Candidate: div (div2:) with score 80.5840528187
2011-01-19 03:41:36,308 - root - INFO - Candidate: div (exampleOuter:) with score 7.0
2011-01-19 03:41:36,309 - root - INFO - Candidate: p (:) with score 0.957798165138
2011-01-19 03:41:36,310 - root - INFO - Candidate: div (exampleOuter:) with score 16.0
2011-01-19 03:41:36,310 - root - INFO - Candidate: p (:) with score 5.0
2011-01-19 03:41:36,316 - root - INFO - Candidate: div (div2:) with score 37.4589254766
2011-01-19 03:41:36,318 - root - INFO - Candidate: div (div2:) with score 17.5006468305
2011-01-19 03:41:36,319 - root - INFO - Candidate: div (div2:) with score 10.0
2011-01-19 03:41:36,320 - root - INFO - Candidate: div (div1:) with score 13.2032520325
2011-01-19 03:41:36,321 - root - INFO - Candidate: div (div1:) with score 8.0
2011-01-19 03:41:36,324 - root - INFO - Candidate: div (div1:) with score 33.5255397578
2011-01-19 03:41:36,325 - root - INFO - Candidate: div (div1:) with score 14.0
2011-01-19 03:41:36,326 - root - INFO - Candidate: div (div1:) with score 9.0
2011-01-19 03:41:36,326 - root - INFO - Looking at sibling node: div (div1:)
2011-01-19 03:41:36,326 - root - INFO - Sibling has score 30.5035891773
2011-01-19 03:41:36,326 - root - INFO - Appending node: div (div1:)
2011-01-19 03:41:36,327 - root - INFO - Looking at sibling node: div (div1:)
2011-01-19 03:41:36,327 - root - INFO - Sibling has score 89.6873667205
2011-01-19 03:41:36,327 - root - INFO - Appending node: div (div1:)
2011-01-19 03:41:36,327 - root - INFO - Looking at sibling node: div (div1:)
2011-01-19 03:41:36,327 - root - INFO - Sibling has score 13.2032520325
2011-01-19 03:41:36,327 - root - INFO - Appending node: div (div1:)
2011-01-19 03:41:36,328 - root - INFO - Looking at sibling node: div (div1:)
2011-01-19 03:41:36,328 - root - INFO - Sibling has score 8.0
2011-01-19 03:41:36,328 - root - INFO - Appending node: div (div1:)
2011-01-19 03:41:36,328 - root - INFO - Looking at sibling node: div (div1:)
2011-01-19 03:41:36,328 - root - INFO - Sibling has score 33.5255397578
2011-01-19 03:41:36,328 - root - INFO - Appending node: div (div1:)
2011-01-19 03:41:36,328 - root - INFO - Looking at sibling node: div (div1:)
2011-01-19 03:41:36,329 - root - INFO - Sibling has score 14.0
2011-01-19 03:41:36,329 - root - INFO - Appending node: div (div1:)
2011-01-19 03:41:36,329 - root - INFO - Looking at sibling node: div (div1:)
2011-01-19 03:41:36,329 - root - INFO - Sibling has score 9.0
2011-01-19 03:41:36,329 - root - INFO - Appending node: div (div1:)
2011-01-19 03:41:36,332 - root - INFO - Looking at sibling node: div (div1:)
2011-01-19 03:41:36,335 - root - INFO - node (None:div1) has unknown contentScore {}
2011-01-19 03:41:36,335 - root - INFO - Sibling has score 0
2011-01-19 03:41:36,338 - root - INFO - node (None:div1) has unknown contentScore {}
2011-01-19 03:41:36,338 - root - INFO - Appending node: div (div1:)
2011-01-19 03:41:36,384 - root - INFO - node (None:None) has unknown contentScore {}
2011-01-19 03:41:36,384 - root - INFO - Cleaning Conditionally table (:) w/ score:0
2011-01-19 03:41:36,388 - root - INFO - node (None:None) has unknown contentScore {}
2011-01-19 03:41:36,388 - root - INFO - Cleaning Conditionally ul (:) w/ score:0
2011-01-19 03:41:36,390 - root - INFO - node (None:None) has unknown contentScore {}
2011-01-19 03:41:36,390 - root - INFO - Cleaning Conditionally ul (:) w/ score:0
2011-01-19 03:41:36,392 - root - INFO - node (None:None) has unknown contentScore {}
2011-01-19 03:41:36,392 - root - INFO - Cleaning Conditionally ul (:) w/ score:0
2011-01-19 03:41:36,398 - root - INFO - node (None:None) has unknown contentScore {}
2011-01-19 03:41:36,398 - root - INFO - Cleaning Conditionally ul (:) w/ score:0
2011-01-19 03:41:36,400 - root - INFO - node (None:None) has unknown contentScore {}
2011-01-19 03:41:36,400 - root - INFO - Cleaning Conditionally ul (:) w/ score:0
2011-01-19 03:41:36,403 - root - INFO - Cleaning Conditionally div (div1:) w/ score:30.5035891773
2011-01-19 03:41:36,406 - root - INFO - Cleaning Conditionally div (div1:) w/ score:89.6873667205
2011-01-19 03:41:36,440 - root - INFO - Cleaning Conditionally div (div2:) w/ score:44.5840554593
2011-01-19 03:41:36,451 - root - INFO - Cleaning Conditionally div (exampleOuter:) w/ score:6.0
2011-01-19 03:41:36,453 - root - INFO - Cleaning Conditionally div (exampleInner:) w/ score:8.0
2011-01-19 03:41:36,454 - root - INFO - Cleaning Conditionally div (div3:) w/ score:34.0
2011-01-19 03:41:36,457 - root - INFO - Cleaning Conditionally div (div3:) w/ score:13.0
2011-01-19 03:41:36,463 - root - INFO - Cleaning Conditionally div (div3:) w/ score:8.60619872379
2011-01-19 03:41:36,471 - root - INFO - Cleaning Conditionally div (div2:) w/ score:33.2144716294
2011-01-19 03:41:36,474 - root - INFO - Cleaning Conditionally div (div2:) w/ score:80.5840528187
2011-01-19 03:41:36,480 - root - INFO - Cleaning Conditionally div (exampleOuter:) w/ score:7.0
2011-01-19 03:41:36,481 - root - INFO - Cleaning Conditionally div (exampleOuter:) w/ score:16.0
2011-01-19 03:41:36,482 - root - INFO - Cleaning Conditionally div (div2:) w/ score:37.4589254766
2011-01-19 03:41:36,487 - root - INFO - Cleaning Conditionally div (div2:) w/ score:17.5006468305
2011-01-19 03:41:36,492 - root - INFO - Cleaning Conditionally div (div2:) w/ score:10.0
2011-01-19 03:41:36,497 - root - INFO - Cleaning Conditionally div (div1:) w/ score:13.2032520325
2011-01-19 03:41:36,500 - root - INFO - Cleaning Conditionally div (div1:) w/ score:8.0
2011-01-19 03:41:36,501 - root - INFO - Cleaning Conditionally div (div1:) w/ score:33.5255397578
2011-01-19 03:41:36,504 - root - INFO - Cleaning Conditionally div (div1:) w/ score:14.0
2011-01-19 03:41:36,507 - root - INFO - Cleaning Conditionally div (div1:) w/ score:9.0
2011-01-19 03:41:36,512 - root - INFO - node (None:div1) has unknown contentScore {}
2011-01-19 03:41:36,512 - root - INFO - Cleaning Conditionally div (div1:) w/ score:0
2011-01-19 03:41:36,675 - root - INFO - clean_class_attr div (div1)
2011-01-19 03:41:36,675 - root - INFO - clean_class_attr div (div1)
2011-01-19 03:41:36,675 - root - INFO - clean_class_attr div (div2)
2011-01-19 03:41:36,676 - root - INFO - clean_class_attr div (exampleOuter)
2011-01-19 03:41:36,676 - root - INFO - clean_class_attr div (exampleInner)
2011-01-19 03:41:36,676 - root - INFO - clean_class_attr div (div3)
2011-01-19 03:41:36,676 - root - INFO - clean_class_attr div (div3)
2011-01-19 03:41:36,676 - root - INFO - clean_class_attr div (div3)
2011-01-19 03:41:36,676 - root - INFO - clean_class_attr div (div2)
2011-01-19 03:41:36,677 - root - INFO - clean_class_attr div (div2)
2011-01-19 03:41:36,677 - root - INFO - clean_class_attr div (exampleOuter)
2011-01-19 03:41:36,677 - root - INFO - clean_class_attr p (exampleInner)
2011-01-19 03:41:36,677 - root - INFO - clean_class_attr div (exampleOuter)
2011-01-19 03:41:36,677 - root - INFO - clean_class_attr p (exampleInner)
2011-01-19 03:41:36,677 - root - INFO - clean_class_attr div (div2)
2011-01-19 03:41:36,678 - root - INFO - clean_class_attr div (div2)
2011-01-19 03:41:36,678 - root - INFO - clean_class_attr div (div2)
2011-01-19 03:41:36,678 - root - INFO - clean_class_attr div (div1)
2011-01-19 03:41:36,678 - root - INFO - clean_class_attr div (div1)
2011-01-19 03:41:36,678 - root - INFO - clean_class_attr div (div1)
2011-01-19 03:41:36,678 - root - INFO - clean_class_attr div (div1)
2011-01-19 03:41:36,679 - root - INFO - clean_class_attr div (div1)
2011-01-19 03:41:36,679 - root - INFO - clean_class_attr div (div1)
2011-01-19 03:41:36,679 - root - INFO - clean_class_attr dt (label)
2011-01-19 03:41:36,679 - root - INFO - clean_class_attr dt (label)
2011-01-19 03:41:36,679 - root - INFO - clean_class_attr dt (label)
2011-01-19 03:41:36,679 - root - INFO - clean_class_attr dt (label)
2011-01-19 03:41:36,679 - root - INFO - clean_class_attr dt (label)
2011-01-19 03:41:36,680 - root - INFO - clean_class_attr dt (label)
2011-01-19 03:41:36,680 - root - INFO - clean_class_attr dt (label)
2011-01-19 03:41:36,680 - root - INFO - clean_class_attr dt (label)
2011-01-19 03:41:36,680 - root - INFO - clean_class_attr dt (label)
2011-01-19 03:41:36,680 - root - INFO - clean_class_attr dt (label)
2011-01-19 03:41:36,680 - root - INFO - clean_class_attr dt (label)
2011-01-19 03:41:36,681 - root - INFO - clean_class_attr dt (label)
2011-01-19 03:41:36,681 - root - INFO - clean_class_attr dt (label)
2011-01-19 03:41:36,681 - root - INFO - clean_class_attr dt (label)
